{
  "MiniTest": {
    "coverage": {
      "/home/iv/rails_projects/tasks/doska/test/controllers/users_controller_test.rb": [
        1,
        null,
        1,
        1,
        0,
        null,
        null,
        1,
        0,
        0,
        0,
        null,
        null,
        1,
        0,
        0,
        null,
        null,
        1,
        0,
        0,
        null,
        null,
        0,
        null,
        null,
        1,
        0,
        0,
        null,
        null,
        1,
        0,
        0,
        null,
        null,
        1,
        0,
        0,
        null,
        null,
        1,
        0,
        0,
        null,
        null,
        0,
        null,
        null
      ],
      "/home/iv/rails_projects/tasks/doska/test/integration/authentication_pages_test.rb": [
        1,
        null,
        1,
        null,
        null,
        null,
        null
      ],
      "/home/iv/rails_projects/tasks/doska/test/models/comment_test.rb": [
        1,
        null,
        1,
        null,
        null,
        null,
        null
      ],
      "/home/iv/rails_projects/tasks/doska/test/models/post_test.rb": [
        1,
        null,
        1,
        null,
        null,
        null,
        null
      ],
      "/home/iv/rails_projects/tasks/doska/test/models/user_test.rb": [
        1,
        null,
        1,
        1,
        0,
        0,
        null,
        null
      ]
    },
    "timestamp": 1446671250
  },
  "Unit Tests": {
    "coverage": {
      "/home/iv/rails_projects/tasks/doska/test/controllers/users_controller_test.rb": [
        1,
        null,
        1,
        1,
        0,
        null,
        null,
        1,
        0,
        0,
        0,
        null,
        null,
        1,
        0,
        0,
        null,
        null,
        1,
        0,
        0,
        null,
        null,
        0,
        null,
        null,
        1,
        0,
        0,
        null,
        null,
        1,
        0,
        0,
        null,
        null,
        1,
        0,
        0,
        null,
        null,
        1,
        0,
        0,
        null,
        null,
        0,
        null,
        null
      ],
      "/home/iv/rails_projects/tasks/doska/test/integration/authentication_pages_test.rb": [
        1,
        null,
        1,
        null,
        null,
        null,
        null
      ],
      "/home/iv/rails_projects/tasks/doska/test/models/comment_test.rb": [
        1,
        null,
        1,
        null,
        null,
        null,
        null
      ],
      "/home/iv/rails_projects/tasks/doska/test/models/post_test.rb": [
        1,
        null,
        1,
        null,
        null,
        null,
        null
      ],
      "/home/iv/rails_projects/tasks/doska/test/models/user_test.rb": [
        1,
        null,
        1,
        1,
        0,
        0,
        null,
        null
      ]
    },
    "timestamp": 1446670704
  },
  "RSpec": {
    "coverage": {
      "/home/iv/rails_projects/tasks/doska/test/controllers/users_controller_test.rb": [
        1,
        null,
        1,
        1,
        0,
        null,
        null,
        1,
        0,
        0,
        0,
        null,
        null,
        1,
        0,
        0,
        null,
        null,
        1,
        0,
        0,
        null,
        null,
        0,
        null,
        null,
        1,
        0,
        0,
        null,
        null,
        1,
        0,
        0,
        null,
        null,
        1,
        0,
        0,
        null,
        null,
        1,
        0,
        0,
        null,
        null,
        0,
        null,
        null
      ],
      "/home/iv/rails_projects/tasks/doska/test/integration/authentication_pages_test.rb": [
        1,
        null,
        1,
        null,
        null,
        null,
        null
      ],
      "/home/iv/rails_projects/tasks/doska/test/models/comment_test.rb": [
        1,
        null,
        1,
        null,
        null,
        null,
        null
      ],
      "/home/iv/rails_projects/tasks/doska/test/models/post_test.rb": [
        1,
        null,
        1,
        null,
        null,
        null,
        null
      ],
      "/home/iv/rails_projects/tasks/doska/test/models/user_test.rb": [
        1,
        null,
        1,
        1,
        0,
        0,
        null,
        null
      ]
    },
    "timestamp": 1446721465
  }
}
